15:43:42.816 [main] INFO  org.springframework.test.context.support.AnnotationConfigContextLoaderUtils#detectDefaultConfigurationClasses:83 - Could not detect default configuration classes for test class [com.example.cardmanagement.CardManagementApplicationTests]: CardManagementApplicationTests does not declare any static, non-private, non-final, nested classes annotated with @Configuration.
15:43:42.919 [main] INFO  org.springframework.boot.test.context.SpringBootTestContextBootstrapper#getOrFindConfigurationClasses:248 - Found @SpringBootConfiguration com.example.cardmanagement.CardManagementApplication for test class com.example.cardmanagement.CardManagementApplicationTests
15:43:43.137 [background-preinit] INFO  org.hibernate.validator.internal.util.Version#<clinit>:21 - HV000001: Hibernate Validator 8.0.1.Final
15:43:43.151 [main] INFO  com.example.cardmanagement.CardManagementApplicationTests#logStarting:51 - Starting CardManagementApplicationTests using Java 17.0.7 with PID 28795 (started by hariry in /home/hariry/JavaWorkspace/cardManagement)
15:43:43.154 [main] INFO  com.example.cardmanagement.CardManagementApplicationTests#logStartupProfileInfo:634 - No active profile set, falling back to 1 default profile: "default"
15:43:43.654 [main] INFO  org.springframework.data.repository.config.RepositoryConfigurationDelegate#multipleStoresDetected:291 - Multiple Spring Data modules found, entering strict repository configuration mode
15:43:43.655 [main] INFO  org.springframework.data.repository.config.RepositoryConfigurationDelegate#registerRepositoriesIn:138 - Bootstrapping Spring Data JDBC repositories in DEFAULT mode.
15:43:43.674 [main] INFO  org.springframework.data.repository.config.RepositoryConfigurationExtensionSupport#isStrictRepositoryCandidate:320 - Spring Data JDBC - Could not safely identify store assignment for repository candidate interface com.example.cardmanagement.repository.CardRepository; If you want this repository to be a JDBC repository, consider annotating your entities with one of these annotations: org.springframework.data.relational.core.mapping.Table.
15:43:43.674 [main] INFO  org.springframework.data.repository.config.RepositoryConfigurationExtensionSupport#isStrictRepositoryCandidate:320 - Spring Data JDBC - Could not safely identify store assignment for repository candidate interface com.example.cardmanagement.repository.PersonRepository; If you want this repository to be a JDBC repository, consider annotating your entities with one of these annotations: org.springframework.data.relational.core.mapping.Table.
15:43:43.675 [main] INFO  org.springframework.data.repository.config.RepositoryConfigurationDelegate#registerRepositoriesIn:208 - Finished Spring Data repository scanning in 17 ms. Found 0 JDBC repository interfaces.
15:43:43.683 [main] INFO  org.springframework.data.repository.config.RepositoryConfigurationDelegate#multipleStoresDetected:291 - Multiple Spring Data modules found, entering strict repository configuration mode
15:43:43.684 [main] INFO  org.springframework.data.repository.config.RepositoryConfigurationDelegate#registerRepositoriesIn:138 - Bootstrapping Spring Data JPA repositories in DEFAULT mode.
15:43:43.703 [main] INFO  org.springframework.data.repository.config.RepositoryConfigurationDelegate#registerRepositoriesIn:208 - Finished Spring Data repository scanning in 16 ms. Found 2 JPA repository interfaces.
15:43:44.066 [main] INFO  org.hibernate.jpa.internal.util.LogHelper#logPersistenceUnitInformation:31 - HHH000204: Processing PersistenceUnitInfo [name: default]
15:43:44.108 [main] INFO  org.hibernate.Version#logVersion:44 - HHH000412: Hibernate ORM core version 6.2.7.Final
15:43:44.110 [main] INFO  org.hibernate.cfg.Environment#<clinit>:191 - HHH000406: Using bytecode reflection optimizer
15:43:44.204 [main] INFO  org.hibernate.bytecode.internal.BytecodeProviderInitiator#buildBytecodeProvider:53 - HHH000021: Bytecode provider name : bytebuddy
15:43:44.285 [main] INFO  org.springframework.orm.jpa.persistenceunit.SpringPersistenceUnitInfo#addTransformer:87 - No LoadTimeWeaver setup: ignoring JPA class transformer
15:43:44.299 [main] INFO  com.zaxxer.hikari.HikariDataSource#getConnection:110 - HikariPool-1 - Starting...
15:43:44.569 [main] INFO  com.zaxxer.hikari.pool.HikariPool#checkFailFast:565 - HikariPool-1 - Added connection org.postgresql.jdbc.PgConnection@3de88f64
15:43:44.570 [main] INFO  com.zaxxer.hikari.HikariDataSource#getConnection:123 - HikariPool-1 - Start completed.
15:43:44.791 [main] INFO  org.hibernate.bytecode.internal.BytecodeProviderInitiator#buildBytecodeProvider:53 - HHH000021: Bytecode provider name : bytebuddy
15:43:45.214 [main] INFO  org.hibernate.engine.transaction.jta.platform.internal.JtaPlatformInitiator#initiateService:51 - HHH000490: Using JtaPlatform implementation: [org.hibernate.engine.transaction.jta.platform.internal.NoJtaPlatform]
15:43:45.262 [main] INFO  org.springframework.orm.jpa.LocalContainerEntityManagerFactoryBean#buildNativeEntityManagerFactory:437 - Initialized JPA EntityManagerFactory for persistence unit 'default'
15:43:45.421 [main] WARN  org.springframework.core.LocalVariableTableParameterNameDiscoverer#inspectClass:123 - Using deprecated '-debug' fallback for parameter name resolution. Compile the affected code with '-parameters' instead or avoid its introspection: com.example.cardmanagement.repository.CardRepository
15:43:45.504 [main] WARN  org.springframework.core.LocalVariableTableParameterNameDiscoverer#inspectClass:123 - Using deprecated '-debug' fallback for parameter name resolution. Compile the affected code with '-parameters' instead or avoid its introspection: com.example.cardmanagement.repository.PersonRepository
15:43:45.644 [main] WARN  org.springframework.boot.autoconfigure.orm.jpa.JpaBaseConfiguration$JpaWebConfiguration#openEntityManagerInViewInterceptor:231 - spring.jpa.open-in-view is enabled by default. Therefore, database queries may be performed during view rendering. Explicitly configure spring.jpa.open-in-view to disable this warning
15:43:46.171 [main] INFO  com.example.cardmanagement.CardManagementApplicationTests#logStarted:57 - Started CardManagementApplicationTests in 3.17 seconds (process running for 3.982)
15:43:46.563 [SpringApplicationShutdownHook] INFO  org.springframework.orm.jpa.LocalContainerEntityManagerFactoryBean#destroy:650 - Closing JPA EntityManagerFactory for persistence unit 'default'
15:43:46.565 [SpringApplicationShutdownHook] INFO  com.zaxxer.hikari.HikariDataSource#close:350 - HikariPool-1 - Shutdown initiated...
15:43:46.575 [SpringApplicationShutdownHook] INFO  com.zaxxer.hikari.HikariDataSource#close:352 - HikariPool-1 - Shutdown completed.
15:44:02.298 [main] INFO  org.springframework.test.context.support.AnnotationConfigContextLoaderUtils#detectDefaultConfigurationClasses:83 - Could not detect default configuration classes for test class [com.example.cardmanagement.CardManagementApplicationTests]: CardManagementApplicationTests does not declare any static, non-private, non-final, nested classes annotated with @Configuration.
15:44:02.379 [main] INFO  org.springframework.boot.test.context.SpringBootTestContextBootstrapper#getOrFindConfigurationClasses:248 - Found @SpringBootConfiguration com.example.cardmanagement.CardManagementApplication for test class com.example.cardmanagement.CardManagementApplicationTests
15:44:02.578 [background-preinit] INFO  org.hibernate.validator.internal.util.Version#<clinit>:21 - HV000001: Hibernate Validator 8.0.1.Final
15:44:02.590 [main] INFO  com.example.cardmanagement.CardManagementApplicationTests#logStarting:51 - Starting CardManagementApplicationTests using Java 17.0.7 with PID 28955 (started by hariry in /home/hariry/JavaWorkspace/cardManagement)
15:44:02.592 [main] INFO  com.example.cardmanagement.CardManagementApplicationTests#logStartupProfileInfo:634 - No active profile set, falling back to 1 default profile: "default"
15:44:03.092 [main] INFO  org.springframework.data.repository.config.RepositoryConfigurationDelegate#multipleStoresDetected:291 - Multiple Spring Data modules found, entering strict repository configuration mode
15:44:03.093 [main] INFO  org.springframework.data.repository.config.RepositoryConfigurationDelegate#registerRepositoriesIn:138 - Bootstrapping Spring Data JDBC repositories in DEFAULT mode.
15:44:03.110 [main] INFO  org.springframework.data.repository.config.RepositoryConfigurationExtensionSupport#isStrictRepositoryCandidate:320 - Spring Data JDBC - Could not safely identify store assignment for repository candidate interface com.example.cardmanagement.repository.CardRepository; If you want this repository to be a JDBC repository, consider annotating your entities with one of these annotations: org.springframework.data.relational.core.mapping.Table.
15:44:03.112 [main] INFO  org.springframework.data.repository.config.RepositoryConfigurationExtensionSupport#isStrictRepositoryCandidate:320 - Spring Data JDBC - Could not safely identify store assignment for repository candidate interface com.example.cardmanagement.repository.PersonRepository; If you want this repository to be a JDBC repository, consider annotating your entities with one of these annotations: org.springframework.data.relational.core.mapping.Table.
15:44:03.112 [main] INFO  org.springframework.data.repository.config.RepositoryConfigurationDelegate#registerRepositoriesIn:208 - Finished Spring Data repository scanning in 16 ms. Found 0 JDBC repository interfaces.
15:44:03.123 [main] INFO  org.springframework.data.repository.config.RepositoryConfigurationDelegate#multipleStoresDetected:291 - Multiple Spring Data modules found, entering strict repository configuration mode
15:44:03.124 [main] INFO  org.springframework.data.repository.config.RepositoryConfigurationDelegate#registerRepositoriesIn:138 - Bootstrapping Spring Data JPA repositories in DEFAULT mode.
15:44:03.149 [main] INFO  org.springframework.data.repository.config.RepositoryConfigurationDelegate#registerRepositoriesIn:208 - Finished Spring Data repository scanning in 21 ms. Found 2 JPA repository interfaces.
15:44:03.469 [main] INFO  org.hibernate.jpa.internal.util.LogHelper#logPersistenceUnitInformation:31 - HHH000204: Processing PersistenceUnitInfo [name: default]
15:44:03.509 [main] INFO  org.hibernate.Version#logVersion:44 - HHH000412: Hibernate ORM core version 6.2.7.Final
15:44:03.511 [main] INFO  org.hibernate.cfg.Environment#<clinit>:191 - HHH000406: Using bytecode reflection optimizer
15:44:03.612 [main] INFO  org.hibernate.bytecode.internal.BytecodeProviderInitiator#buildBytecodeProvider:53 - HHH000021: Bytecode provider name : bytebuddy
15:44:03.678 [main] INFO  org.springframework.orm.jpa.persistenceunit.SpringPersistenceUnitInfo#addTransformer:87 - No LoadTimeWeaver setup: ignoring JPA class transformer
15:44:03.691 [main] INFO  com.zaxxer.hikari.HikariDataSource#getConnection:110 - HikariPool-1 - Starting...
15:44:03.921 [main] INFO  com.zaxxer.hikari.pool.HikariPool#checkFailFast:565 - HikariPool-1 - Added connection org.postgresql.jdbc.PgConnection@2a42019a
15:44:03.924 [main] INFO  com.zaxxer.hikari.HikariDataSource#getConnection:123 - HikariPool-1 - Start completed.
15:44:04.115 [main] INFO  org.hibernate.bytecode.internal.BytecodeProviderInitiator#buildBytecodeProvider:53 - HHH000021: Bytecode provider name : bytebuddy
15:44:04.541 [main] INFO  org.hibernate.engine.transaction.jta.platform.internal.JtaPlatformInitiator#initiateService:51 - HHH000490: Using JtaPlatform implementation: [org.hibernate.engine.transaction.jta.platform.internal.NoJtaPlatform]
15:44:04.580 [main] INFO  org.springframework.orm.jpa.LocalContainerEntityManagerFactoryBean#buildNativeEntityManagerFactory:437 - Initialized JPA EntityManagerFactory for persistence unit 'default'
15:44:04.745 [main] WARN  org.springframework.core.LocalVariableTableParameterNameDiscoverer#inspectClass:123 - Using deprecated '-debug' fallback for parameter name resolution. Compile the affected code with '-parameters' instead or avoid its introspection: com.example.cardmanagement.repository.CardRepository
15:44:04.815 [main] WARN  org.springframework.core.LocalVariableTableParameterNameDiscoverer#inspectClass:123 - Using deprecated '-debug' fallback for parameter name resolution. Compile the affected code with '-parameters' instead or avoid its introspection: com.example.cardmanagement.repository.PersonRepository
15:44:04.955 [main] WARN  org.springframework.boot.autoconfigure.orm.jpa.JpaBaseConfiguration$JpaWebConfiguration#openEntityManagerInViewInterceptor:231 - spring.jpa.open-in-view is enabled by default. Therefore, database queries may be performed during view rendering. Explicitly configure spring.jpa.open-in-view to disable this warning
15:44:05.449 [main] INFO  com.example.cardmanagement.CardManagementApplicationTests#logStarted:57 - Started CardManagementApplicationTests in 2.995 seconds (process running for 3.808)
15:44:05.811 [SpringApplicationShutdownHook] INFO  org.springframework.orm.jpa.LocalContainerEntityManagerFactoryBean#destroy:650 - Closing JPA EntityManagerFactory for persistence unit 'default'
15:44:05.814 [SpringApplicationShutdownHook] INFO  com.zaxxer.hikari.HikariDataSource#close:350 - HikariPool-1 - Shutdown initiated...
15:44:05.822 [SpringApplicationShutdownHook] INFO  com.zaxxer.hikari.HikariDataSource#close:352 - HikariPool-1 - Shutdown completed.
15:44:14.578 [background-preinit] INFO  org.hibernate.validator.internal.util.Version#<clinit>:21 - HV000001: Hibernate Validator 8.0.1.Final
15:44:14.612 [main] INFO  com.example.cardmanagement.CardManagementApplication#logStarting:51 - Starting CardManagementApplication using Java 17.0.7 with PID 29123 (/home/hariry/JavaWorkspace/cardManagement/target/classes started by hariry in /home/hariry/JavaWorkspace/cardManagement)
15:44:14.616 [main] INFO  com.example.cardmanagement.CardManagementApplication#logStartupProfileInfo:634 - No active profile set, falling back to 1 default profile: "default"
15:44:15.256 [main] INFO  org.springframework.data.repository.config.RepositoryConfigurationDelegate#multipleStoresDetected:291 - Multiple Spring Data modules found, entering strict repository configuration mode
15:44:15.257 [main] INFO  org.springframework.data.repository.config.RepositoryConfigurationDelegate#registerRepositoriesIn:138 - Bootstrapping Spring Data JDBC repositories in DEFAULT mode.
15:44:15.275 [main] INFO  org.springframework.data.repository.config.RepositoryConfigurationExtensionSupport#isStrictRepositoryCandidate:320 - Spring Data JDBC - Could not safely identify store assignment for repository candidate interface com.example.cardmanagement.repository.CardRepository; If you want this repository to be a JDBC repository, consider annotating your entities with one of these annotations: org.springframework.data.relational.core.mapping.Table.
15:44:15.276 [main] INFO  org.springframework.data.repository.config.RepositoryConfigurationExtensionSupport#isStrictRepositoryCandidate:320 - Spring Data JDBC - Could not safely identify store assignment for repository candidate interface com.example.cardmanagement.repository.PersonRepository; If you want this repository to be a JDBC repository, consider annotating your entities with one of these annotations: org.springframework.data.relational.core.mapping.Table.
15:44:15.276 [main] INFO  org.springframework.data.repository.config.RepositoryConfigurationDelegate#registerRepositoriesIn:208 - Finished Spring Data repository scanning in 16 ms. Found 0 JDBC repository interfaces.
15:44:15.283 [main] INFO  org.springframework.data.repository.config.RepositoryConfigurationDelegate#multipleStoresDetected:291 - Multiple Spring Data modules found, entering strict repository configuration mode
15:44:15.284 [main] INFO  org.springframework.data.repository.config.RepositoryConfigurationDelegate#registerRepositoriesIn:138 - Bootstrapping Spring Data JPA repositories in DEFAULT mode.
15:44:15.304 [main] INFO  org.springframework.data.repository.config.RepositoryConfigurationDelegate#registerRepositoriesIn:208 - Finished Spring Data repository scanning in 17 ms. Found 2 JPA repository interfaces.
15:44:15.763 [main] INFO  org.springframework.boot.web.embedded.tomcat.TomcatWebServer#initialize:108 - Tomcat initialized with port(s): 3030 (http)
15:44:15.770 [main] INFO  org.apache.coyote.http11.Http11NioProtocol#log:173 - Initializing ProtocolHandler ["http-nio-3030"]
15:44:15.773 [main] INFO  org.apache.catalina.core.StandardService#log:173 - Starting service [Tomcat]
15:44:15.773 [main] INFO  org.apache.catalina.core.StandardEngine#log:173 - Starting Servlet engine: [Apache Tomcat/10.1.12]
15:44:15.858 [main] INFO  org.apache.catalina.core.ContainerBase.[Tomcat].[localhost].[/]#log:173 - Initializing Spring embedded WebApplicationContext
15:44:15.859 [main] INFO  org.springframework.boot.web.servlet.context.ServletWebServerApplicationContext#prepareWebApplicationContext:291 - Root WebApplicationContext: initialization completed in 1208 ms
15:44:15.977 [main] INFO  org.hibernate.jpa.internal.util.LogHelper#logPersistenceUnitInformation:31 - HHH000204: Processing PersistenceUnitInfo [name: default]
15:44:16.026 [main] INFO  org.hibernate.Version#logVersion:44 - HHH000412: Hibernate ORM core version 6.2.7.Final
15:44:16.028 [main] INFO  org.hibernate.cfg.Environment#<clinit>:191 - HHH000406: Using bytecode reflection optimizer
15:44:16.110 [main] INFO  org.hibernate.bytecode.internal.BytecodeProviderInitiator#buildBytecodeProvider:53 - HHH000021: Bytecode provider name : bytebuddy
15:44:16.190 [main] INFO  org.springframework.orm.jpa.persistenceunit.SpringPersistenceUnitInfo#addTransformer:87 - No LoadTimeWeaver setup: ignoring JPA class transformer
15:44:16.210 [main] INFO  com.zaxxer.hikari.HikariDataSource#getConnection:110 - HikariPool-1 - Starting...
15:44:16.449 [main] INFO  com.zaxxer.hikari.pool.HikariPool#checkFailFast:565 - HikariPool-1 - Added connection org.postgresql.jdbc.PgConnection@6a278584
15:44:16.450 [main] INFO  com.zaxxer.hikari.HikariDataSource#getConnection:123 - HikariPool-1 - Start completed.
15:44:16.647 [main] INFO  org.hibernate.bytecode.internal.BytecodeProviderInitiator#buildBytecodeProvider:53 - HHH000021: Bytecode provider name : bytebuddy
15:44:17.203 [main] INFO  org.hibernate.engine.transaction.jta.platform.internal.JtaPlatformInitiator#initiateService:51 - HHH000490: Using JtaPlatform implementation: [org.hibernate.engine.transaction.jta.platform.internal.NoJtaPlatform]
15:44:17.249 [main] INFO  org.springframework.orm.jpa.LocalContainerEntityManagerFactoryBean#buildNativeEntityManagerFactory:437 - Initialized JPA EntityManagerFactory for persistence unit 'default'
15:44:17.438 [main] WARN  org.springframework.core.LocalVariableTableParameterNameDiscoverer#inspectClass:123 - Using deprecated '-debug' fallback for parameter name resolution. Compile the affected code with '-parameters' instead or avoid its introspection: com.example.cardmanagement.repository.CardRepository
15:44:17.517 [main] WARN  org.springframework.core.LocalVariableTableParameterNameDiscoverer#inspectClass:123 - Using deprecated '-debug' fallback for parameter name resolution. Compile the affected code with '-parameters' instead or avoid its introspection: com.example.cardmanagement.repository.PersonRepository
15:44:17.610 [main] WARN  org.springframework.boot.autoconfigure.orm.jpa.JpaBaseConfiguration$JpaWebConfiguration#openEntityManagerInViewInterceptor:231 - spring.jpa.open-in-view is enabled by default. Therefore, database queries may be performed during view rendering. Explicitly configure spring.jpa.open-in-view to disable this warning
15:44:18.143 [main] INFO  org.apache.coyote.http11.Http11NioProtocol#log:173 - Starting ProtocolHandler ["http-nio-3030"]
15:44:18.157 [main] INFO  org.springframework.boot.web.embedded.tomcat.TomcatWebServer#start:220 - Tomcat started on port(s): 3030 (http) with context path ''
15:44:18.168 [main] INFO  com.example.cardmanagement.CardManagementApplication#logStarted:57 - Started CardManagementApplication in 3.78 seconds (process running for 4.583)
15:44:47.085 [http-nio-3030-exec-2] INFO  org.apache.catalina.core.ContainerBase.[Tomcat].[localhost].[/]#log:173 - Initializing Spring DispatcherServlet 'dispatcherServlet'
15:44:47.085 [http-nio-3030-exec-2] INFO  org.springframework.web.servlet.DispatcherServlet#initServletBean:532 - Initializing Servlet 'dispatcherServlet'
15:44:47.086 [http-nio-3030-exec-2] INFO  org.springframework.web.servlet.DispatcherServlet#initServletBean:554 - Completed initialization in 1 ms
15:44:47.774 [http-nio-3030-exec-6] WARN  org.springframework.core.LocalVariableTableParameterNameDiscoverer#inspectClass:123 - Using deprecated '-debug' fallback for parameter name resolution. Compile the affected code with '-parameters' instead or avoid its introspection: com.example.cardmanagement.repository.PersonRepository
15:44:47.957 [http-nio-3030-exec-6] WARN  org.springframework.core.LocalVariableTableParameterNameDiscoverer#inspectClass:123 - Using deprecated '-debug' fallback for parameter name resolution. Compile the affected code with '-parameters' instead or avoid its introspection: com.example.cardmanagement.repository.CardRepository
15:44:48.030 [http-nio-3030-exec-6] WARN  org.springframework.core.LocalVariableTableParameterNameDiscoverer#inspectClass:123 - Using deprecated '-debug' fallback for parameter name resolution. Compile the affected code with '-parameters' instead or avoid its introspection: com.example.cardmanagement.controller.CardController
15:44:48.042 [http-nio-3030-exec-6] WARN  org.springframework.core.LocalVariableTableParameterNameDiscoverer#inspectClass:123 - Using deprecated '-debug' fallback for parameter name resolution. Compile the affected code with '-parameters' instead or avoid its introspection: com.example.cardmanagement.controller.PersonController
15:44:48.065 [http-nio-3030-exec-6] INFO  org.springdoc.api.AbstractOpenApiResource#getOpenApi:371 - Init duration for springdoc-openapi is: 746 ms
15:46:30.896 [SpringApplicationShutdownHook] INFO  org.springframework.orm.jpa.LocalContainerEntityManagerFactoryBean#destroy:650 - Closing JPA EntityManagerFactory for persistence unit 'default'
15:46:30.898 [SpringApplicationShutdownHook] INFO  com.zaxxer.hikari.HikariDataSource#close:350 - HikariPool-1 - Shutdown initiated...
15:46:30.905 [SpringApplicationShutdownHook] INFO  com.zaxxer.hikari.HikariDataSource#close:352 - HikariPool-1 - Shutdown completed.
15:54:51.179 [main] INFO  org.springframework.test.context.support.AnnotationConfigContextLoaderUtils#detectDefaultConfigurationClasses:83 - Could not detect default configuration classes for test class [com.example.cardmanagement.CardManagementApplicationTests]: CardManagementApplicationTests does not declare any static, non-private, non-final, nested classes annotated with @Configuration.
15:54:51.256 [main] INFO  org.springframework.boot.test.context.SpringBootTestContextBootstrapper#getOrFindConfigurationClasses:248 - Found @SpringBootConfiguration com.example.cardmanagement.CardManagementApplication for test class com.example.cardmanagement.CardManagementApplicationTests
15:54:51.430 [background-preinit] INFO  org.hibernate.validator.internal.util.Version#<clinit>:21 - HV000001: Hibernate Validator 8.0.1.Final
15:54:51.446 [main] INFO  com.example.cardmanagement.CardManagementApplicationTests#logStarting:51 - Starting CardManagementApplicationTests using Java 17.0.7 with PID 30369 (started by hariry in /home/hariry/JavaWorkspace/cardManagement)
15:54:51.448 [main] INFO  com.example.cardmanagement.CardManagementApplicationTests#logStartupProfileInfo:634 - No active profile set, falling back to 1 default profile: "default"
15:54:51.876 [main] INFO  org.springframework.data.repository.config.RepositoryConfigurationDelegate#multipleStoresDetected:291 - Multiple Spring Data modules found, entering strict repository configuration mode
15:54:51.876 [main] INFO  org.springframework.data.repository.config.RepositoryConfigurationDelegate#registerRepositoriesIn:138 - Bootstrapping Spring Data JDBC repositories in DEFAULT mode.
15:54:51.891 [main] INFO  org.springframework.data.repository.config.RepositoryConfigurationExtensionSupport#isStrictRepositoryCandidate:320 - Spring Data JDBC - Could not safely identify store assignment for repository candidate interface com.example.cardmanagement.repository.CardRepository; If you want this repository to be a JDBC repository, consider annotating your entities with one of these annotations: org.springframework.data.relational.core.mapping.Table.
15:54:51.892 [main] INFO  org.springframework.data.repository.config.RepositoryConfigurationExtensionSupport#isStrictRepositoryCandidate:320 - Spring Data JDBC - Could not safely identify store assignment for repository candidate interface com.example.cardmanagement.repository.PersonRepository; If you want this repository to be a JDBC repository, consider annotating your entities with one of these annotations: org.springframework.data.relational.core.mapping.Table.
15:54:51.892 [main] INFO  org.springframework.data.repository.config.RepositoryConfigurationDelegate#registerRepositoriesIn:208 - Finished Spring Data repository scanning in 13 ms. Found 0 JDBC repository interfaces.
15:54:51.898 [main] INFO  org.springframework.data.repository.config.RepositoryConfigurationDelegate#multipleStoresDetected:291 - Multiple Spring Data modules found, entering strict repository configuration mode
15:54:51.899 [main] INFO  org.springframework.data.repository.config.RepositoryConfigurationDelegate#registerRepositoriesIn:138 - Bootstrapping Spring Data JPA repositories in DEFAULT mode.
15:54:51.915 [main] INFO  org.springframework.data.repository.config.RepositoryConfigurationDelegate#registerRepositoriesIn:208 - Finished Spring Data repository scanning in 13 ms. Found 2 JPA repository interfaces.
15:54:52.212 [main] INFO  org.hibernate.jpa.internal.util.LogHelper#logPersistenceUnitInformation:31 - HHH000204: Processing PersistenceUnitInfo [name: default]
15:54:52.240 [main] INFO  org.hibernate.Version#logVersion:44 - HHH000412: Hibernate ORM core version 6.2.7.Final
15:54:52.242 [main] INFO  org.hibernate.cfg.Environment#<clinit>:191 - HHH000406: Using bytecode reflection optimizer
15:54:52.325 [main] INFO  org.hibernate.bytecode.internal.BytecodeProviderInitiator#buildBytecodeProvider:53 - HHH000021: Bytecode provider name : bytebuddy
15:54:52.391 [main] INFO  org.springframework.orm.jpa.persistenceunit.SpringPersistenceUnitInfo#addTransformer:87 - No LoadTimeWeaver setup: ignoring JPA class transformer
15:54:52.404 [main] INFO  com.zaxxer.hikari.HikariDataSource#getConnection:110 - HikariPool-1 - Starting...
15:54:52.585 [main] INFO  com.zaxxer.hikari.pool.HikariPool#checkFailFast:565 - HikariPool-1 - Added connection org.postgresql.jdbc.PgConnection@1f48fa72
15:54:52.587 [main] INFO  com.zaxxer.hikari.HikariDataSource#getConnection:123 - HikariPool-1 - Start completed.
15:54:52.753 [main] INFO  org.hibernate.bytecode.internal.BytecodeProviderInitiator#buildBytecodeProvider:53 - HHH000021: Bytecode provider name : bytebuddy
15:54:53.168 [main] INFO  org.hibernate.engine.transaction.jta.platform.internal.JtaPlatformInitiator#initiateService:51 - HHH000490: Using JtaPlatform implementation: [org.hibernate.engine.transaction.jta.platform.internal.NoJtaPlatform]
15:54:53.211 [main] INFO  org.springframework.orm.jpa.LocalContainerEntityManagerFactoryBean#buildNativeEntityManagerFactory:437 - Initialized JPA EntityManagerFactory for persistence unit 'default'
15:54:53.376 [main] WARN  org.springframework.core.LocalVariableTableParameterNameDiscoverer#inspectClass:123 - Using deprecated '-debug' fallback for parameter name resolution. Compile the affected code with '-parameters' instead or avoid its introspection: com.example.cardmanagement.repository.CardRepository
15:54:53.446 [main] WARN  org.springframework.core.LocalVariableTableParameterNameDiscoverer#inspectClass:123 - Using deprecated '-debug' fallback for parameter name resolution. Compile the affected code with '-parameters' instead or avoid its introspection: com.example.cardmanagement.repository.PersonRepository
15:54:53.628 [main] WARN  org.springframework.boot.autoconfigure.orm.jpa.JpaBaseConfiguration$JpaWebConfiguration#openEntityManagerInViewInterceptor:231 - spring.jpa.open-in-view is enabled by default. Therefore, database queries may be performed during view rendering. Explicitly configure spring.jpa.open-in-view to disable this warning
15:54:54.145 [main] INFO  com.example.cardmanagement.CardManagementApplicationTests#logStarted:57 - Started CardManagementApplicationTests in 2.821 seconds (process running for 3.508)
15:54:54.553 [SpringApplicationShutdownHook] INFO  org.springframework.orm.jpa.LocalContainerEntityManagerFactoryBean#destroy:650 - Closing JPA EntityManagerFactory for persistence unit 'default'
15:54:54.555 [SpringApplicationShutdownHook] INFO  com.zaxxer.hikari.HikariDataSource#close:350 - HikariPool-1 - Shutdown initiated...
15:54:54.563 [SpringApplicationShutdownHook] INFO  com.zaxxer.hikari.HikariDataSource#close:352 - HikariPool-1 - Shutdown completed.
15:55:00.364 [main] INFO  org.springframework.test.context.support.AnnotationConfigContextLoaderUtils#detectDefaultConfigurationClasses:83 - Could not detect default configuration classes for test class [com.example.cardmanagement.CardManagementApplicationTests]: CardManagementApplicationTests does not declare any static, non-private, non-final, nested classes annotated with @Configuration.
15:55:00.447 [main] INFO  org.springframework.boot.test.context.SpringBootTestContextBootstrapper#getOrFindConfigurationClasses:248 - Found @SpringBootConfiguration com.example.cardmanagement.CardManagementApplication for test class com.example.cardmanagement.CardManagementApplicationTests
15:55:00.637 [background-preinit] INFO  org.hibernate.validator.internal.util.Version#<clinit>:21 - HV000001: Hibernate Validator 8.0.1.Final
15:55:00.660 [main] INFO  com.example.cardmanagement.CardManagementApplicationTests#logStarting:51 - Starting CardManagementApplicationTests using Java 17.0.7 with PID 30535 (started by hariry in /home/hariry/JavaWorkspace/cardManagement)
15:55:00.663 [main] INFO  com.example.cardmanagement.CardManagementApplicationTests#logStartupProfileInfo:634 - No active profile set, falling back to 1 default profile: "default"
15:55:01.105 [main] INFO  org.springframework.data.repository.config.RepositoryConfigurationDelegate#multipleStoresDetected:291 - Multiple Spring Data modules found, entering strict repository configuration mode
15:55:01.106 [main] INFO  org.springframework.data.repository.config.RepositoryConfigurationDelegate#registerRepositoriesIn:138 - Bootstrapping Spring Data JDBC repositories in DEFAULT mode.
15:55:01.121 [main] INFO  org.springframework.data.repository.config.RepositoryConfigurationExtensionSupport#isStrictRepositoryCandidate:320 - Spring Data JDBC - Could not safely identify store assignment for repository candidate interface com.example.cardmanagement.repository.CardRepository; If you want this repository to be a JDBC repository, consider annotating your entities with one of these annotations: org.springframework.data.relational.core.mapping.Table.
15:55:01.122 [main] INFO  org.springframework.data.repository.config.RepositoryConfigurationExtensionSupport#isStrictRepositoryCandidate:320 - Spring Data JDBC - Could not safely identify store assignment for repository candidate interface com.example.cardmanagement.repository.PersonRepository; If you want this repository to be a JDBC repository, consider annotating your entities with one of these annotations: org.springframework.data.relational.core.mapping.Table.
15:55:01.122 [main] INFO  org.springframework.data.repository.config.RepositoryConfigurationDelegate#registerRepositoriesIn:208 - Finished Spring Data repository scanning in 14 ms. Found 0 JDBC repository interfaces.
15:55:01.129 [main] INFO  org.springframework.data.repository.config.RepositoryConfigurationDelegate#multipleStoresDetected:291 - Multiple Spring Data modules found, entering strict repository configuration mode
15:55:01.130 [main] INFO  org.springframework.data.repository.config.RepositoryConfigurationDelegate#registerRepositoriesIn:138 - Bootstrapping Spring Data JPA repositories in DEFAULT mode.
15:55:01.147 [main] INFO  org.springframework.data.repository.config.RepositoryConfigurationDelegate#registerRepositoriesIn:208 - Finished Spring Data repository scanning in 15 ms. Found 2 JPA repository interfaces.
15:55:01.521 [main] INFO  org.hibernate.jpa.internal.util.LogHelper#logPersistenceUnitInformation:31 - HHH000204: Processing PersistenceUnitInfo [name: default]
15:55:01.550 [main] INFO  org.hibernate.Version#logVersion:44 - HHH000412: Hibernate ORM core version 6.2.7.Final
15:55:01.551 [main] INFO  org.hibernate.cfg.Environment#<clinit>:191 - HHH000406: Using bytecode reflection optimizer
15:55:01.633 [main] INFO  org.hibernate.bytecode.internal.BytecodeProviderInitiator#buildBytecodeProvider:53 - HHH000021: Bytecode provider name : bytebuddy
15:55:01.695 [main] INFO  org.springframework.orm.jpa.persistenceunit.SpringPersistenceUnitInfo#addTransformer:87 - No LoadTimeWeaver setup: ignoring JPA class transformer
15:55:01.715 [main] INFO  com.zaxxer.hikari.HikariDataSource#getConnection:110 - HikariPool-1 - Starting...
15:55:01.889 [main] INFO  com.zaxxer.hikari.pool.HikariPool#checkFailFast:565 - HikariPool-1 - Added connection org.postgresql.jdbc.PgConnection@4ec0229c
15:55:01.890 [main] INFO  com.zaxxer.hikari.HikariDataSource#getConnection:123 - HikariPool-1 - Start completed.
15:55:02.106 [main] INFO  org.hibernate.bytecode.internal.BytecodeProviderInitiator#buildBytecodeProvider:53 - HHH000021: Bytecode provider name : bytebuddy
15:55:02.528 [main] INFO  org.hibernate.engine.transaction.jta.platform.internal.JtaPlatformInitiator#initiateService:51 - HHH000490: Using JtaPlatform implementation: [org.hibernate.engine.transaction.jta.platform.internal.NoJtaPlatform]
15:55:02.567 [main] INFO  org.springframework.orm.jpa.LocalContainerEntityManagerFactoryBean#buildNativeEntityManagerFactory:437 - Initialized JPA EntityManagerFactory for persistence unit 'default'
15:55:02.739 [main] WARN  org.springframework.core.LocalVariableTableParameterNameDiscoverer#inspectClass:123 - Using deprecated '-debug' fallback for parameter name resolution. Compile the affected code with '-parameters' instead or avoid its introspection: com.example.cardmanagement.repository.CardRepository
15:55:02.811 [main] WARN  org.springframework.core.LocalVariableTableParameterNameDiscoverer#inspectClass:123 - Using deprecated '-debug' fallback for parameter name resolution. Compile the affected code with '-parameters' instead or avoid its introspection: com.example.cardmanagement.repository.PersonRepository
15:55:02.965 [main] WARN  org.springframework.boot.autoconfigure.orm.jpa.JpaBaseConfiguration$JpaWebConfiguration#openEntityManagerInViewInterceptor:231 - spring.jpa.open-in-view is enabled by default. Therefore, database queries may be performed during view rendering. Explicitly configure spring.jpa.open-in-view to disable this warning
15:55:03.494 [main] INFO  com.example.cardmanagement.CardManagementApplicationTests#logStarted:57 - Started CardManagementApplicationTests in 2.969 seconds (process running for 3.698)
15:55:03.864 [SpringApplicationShutdownHook] INFO  org.springframework.orm.jpa.LocalContainerEntityManagerFactoryBean#destroy:650 - Closing JPA EntityManagerFactory for persistence unit 'default'
15:55:03.866 [SpringApplicationShutdownHook] INFO  com.zaxxer.hikari.HikariDataSource#close:350 - HikariPool-1 - Shutdown initiated...
15:55:03.874 [SpringApplicationShutdownHook] INFO  com.zaxxer.hikari.HikariDataSource#close:352 - HikariPool-1 - Shutdown completed.
16:55:17.217 [background-preinit] INFO  org.hibernate.validator.internal.util.Version#<clinit>:21 - HV000001: Hibernate Validator 8.0.1.Final
16:55:17.241 [main] INFO  com.example.cardmanagement.CardManagementApplication#logStarting:51 - Starting CardManagementApplication using Java 18.0.2.1 with PID 30717 (/home/hariry/JavaWorkspace/cardManagement/target/classes started by hariry in /home/hariry/JavaWorkspace/cardManagement)
16:55:17.244 [main] INFO  com.example.cardmanagement.CardManagementApplication#logStartupProfileInfo:634 - No active profile set, falling back to 1 default profile: "default"
16:55:17.781 [main] INFO  org.springframework.data.repository.config.RepositoryConfigurationDelegate#multipleStoresDetected:291 - Multiple Spring Data modules found, entering strict repository configuration mode
16:55:17.782 [main] INFO  org.springframework.data.repository.config.RepositoryConfigurationDelegate#registerRepositoriesIn:138 - Bootstrapping Spring Data JDBC repositories in DEFAULT mode.
16:55:17.800 [main] INFO  org.springframework.data.repository.config.RepositoryConfigurationExtensionSupport#isStrictRepositoryCandidate:320 - Spring Data JDBC - Could not safely identify store assignment for repository candidate interface com.example.cardmanagement.repository.CardRepository; If you want this repository to be a JDBC repository, consider annotating your entities with one of these annotations: org.springframework.data.relational.core.mapping.Table.
16:55:17.801 [main] INFO  org.springframework.data.repository.config.RepositoryConfigurationExtensionSupport#isStrictRepositoryCandidate:320 - Spring Data JDBC - Could not safely identify store assignment for repository candidate interface com.example.cardmanagement.repository.PersonRepository; If you want this repository to be a JDBC repository, consider annotating your entities with one of these annotations: org.springframework.data.relational.core.mapping.Table.
16:55:17.801 [main] INFO  org.springframework.data.repository.config.RepositoryConfigurationDelegate#registerRepositoriesIn:208 - Finished Spring Data repository scanning in 16 ms. Found 0 JDBC repository interfaces.
16:55:17.809 [main] INFO  org.springframework.data.repository.config.RepositoryConfigurationDelegate#multipleStoresDetected:291 - Multiple Spring Data modules found, entering strict repository configuration mode
16:55:17.809 [main] INFO  org.springframework.data.repository.config.RepositoryConfigurationDelegate#registerRepositoriesIn:138 - Bootstrapping Spring Data JPA repositories in DEFAULT mode.
16:55:17.829 [main] INFO  org.springframework.data.repository.config.RepositoryConfigurationDelegate#registerRepositoriesIn:208 - Finished Spring Data repository scanning in 17 ms. Found 2 JPA repository interfaces.
16:55:18.258 [main] INFO  org.springframework.boot.web.embedded.tomcat.TomcatWebServer#initialize:108 - Tomcat initialized with port(s): 3030 (http)
16:55:18.264 [main] INFO  org.apache.coyote.http11.Http11NioProtocol#log:173 - Initializing ProtocolHandler ["http-nio-3030"]
16:55:18.265 [main] INFO  org.apache.catalina.core.StandardService#log:173 - Starting service [Tomcat]
16:55:18.265 [main] INFO  org.apache.catalina.core.StandardEngine#log:173 - Starting Servlet engine: [Apache Tomcat/10.1.12]
16:55:18.344 [main] INFO  org.apache.catalina.core.ContainerBase.[Tomcat].[localhost].[/]#log:173 - Initializing Spring embedded WebApplicationContext
16:55:18.345 [main] INFO  org.springframework.boot.web.servlet.context.ServletWebServerApplicationContext#prepareWebApplicationContext:291 - Root WebApplicationContext: initialization completed in 1064 ms
16:55:18.466 [main] INFO  org.hibernate.jpa.internal.util.LogHelper#logPersistenceUnitInformation:31 - HHH000204: Processing PersistenceUnitInfo [name: default]
16:55:18.516 [main] INFO  org.hibernate.Version#logVersion:44 - HHH000412: Hibernate ORM core version 6.2.7.Final
16:55:18.518 [main] INFO  org.hibernate.cfg.Environment#<clinit>:191 - HHH000406: Using bytecode reflection optimizer
16:55:18.627 [main] INFO  org.hibernate.bytecode.internal.BytecodeProviderInitiator#buildBytecodeProvider:53 - HHH000021: Bytecode provider name : bytebuddy
16:55:18.734 [main] INFO  org.springframework.orm.jpa.persistenceunit.SpringPersistenceUnitInfo#addTransformer:87 - No LoadTimeWeaver setup: ignoring JPA class transformer
16:55:18.755 [main] INFO  com.zaxxer.hikari.HikariDataSource#getConnection:110 - HikariPool-1 - Starting...
16:55:19.002 [main] INFO  com.zaxxer.hikari.pool.HikariPool#checkFailFast:565 - HikariPool-1 - Added connection org.postgresql.jdbc.PgConnection@27e21083
16:55:19.003 [main] INFO  com.zaxxer.hikari.HikariDataSource#getConnection:123 - HikariPool-1 - Start completed.
16:55:19.198 [main] INFO  org.hibernate.bytecode.internal.BytecodeProviderInitiator#buildBytecodeProvider:53 - HHH000021: Bytecode provider name : bytebuddy
16:55:19.654 [main] INFO  org.hibernate.engine.transaction.jta.platform.internal.JtaPlatformInitiator#initiateService:51 - HHH000490: Using JtaPlatform implementation: [org.hibernate.engine.transaction.jta.platform.internal.NoJtaPlatform]
16:55:19.689 [main] INFO  org.springframework.orm.jpa.LocalContainerEntityManagerFactoryBean#buildNativeEntityManagerFactory:437 - Initialized JPA EntityManagerFactory for persistence unit 'default'
16:55:20.067 [main] WARN  org.springframework.boot.autoconfigure.orm.jpa.JpaBaseConfiguration$JpaWebConfiguration#openEntityManagerInViewInterceptor:231 - spring.jpa.open-in-view is enabled by default. Therefore, database queries may be performed during view rendering. Explicitly configure spring.jpa.open-in-view to disable this warning
16:55:20.668 [main] INFO  org.apache.coyote.http11.Http11NioProtocol#log:173 - Starting ProtocolHandler ["http-nio-3030"]
16:55:20.681 [main] INFO  org.springframework.boot.web.embedded.tomcat.TomcatWebServer#start:220 - Tomcat started on port(s): 3030 (http) with context path ''
16:55:20.691 [main] INFO  com.example.cardmanagement.CardManagementApplication#logStarted:57 - Started CardManagementApplication in 3.673 seconds (process running for 4.475)
16:56:22.789 [SpringApplicationShutdownHook] INFO  org.springframework.orm.jpa.LocalContainerEntityManagerFactoryBean#destroy:650 - Closing JPA EntityManagerFactory for persistence unit 'default'
16:56:22.792 [SpringApplicationShutdownHook] INFO  com.zaxxer.hikari.HikariDataSource#close:350 - HikariPool-1 - Shutdown initiated...
16:56:22.799 [SpringApplicationShutdownHook] INFO  com.zaxxer.hikari.HikariDataSource#close:352 - HikariPool-1 - Shutdown completed.
